<?xml version="1.0" encoding="UTF-8"?>
<!-- Generated by org.testng.reporters.JUnitReportReporter -->
<testsuite hostname="DESKTOP-HKAACU0" failures="0" tests="8" name="Retail.WalmartHeaderTest" time="223.763" errors="0" timestamp="2020-12-28T19:26:37 PST" skipped="0">
  <testcase classname="Retail.WalmartHeaderTest" name="wallyLocation" time="27.666"/>
  <system-out/>
  <testcase classname="Retail.WalmartHeaderTest" name="wallyPlus" time="32.523"/>
  <system-out/>
  <testcase classname="Retail.WalmartHeaderTest" name="wallyAllDepartments" time="55.853"/>
  <system-out/>
  <testcase classname="Retail.WalmartHeaderTest" name="wallyDealsMenu" time="20.058"/>
  <system-out/>
  <testcase classname="Retail.WalmartHeaderTest" name="wallyLists" time="17.872"/>
  <system-out/>
  <testcase classname="Retail.WalmartHeaderTest" name="wallyReorderItems" time="17.571"/>
  <system-out/>
  <testcase classname="Retail.WalmartHeaderTest" name="wallyLocalStore" time="28.894"/>
  <system-out/>
  <testcase classname="Retail.WalmartHeaderTest" name="wallyTrackOrder" time="23.326"/>
  <system-out/>
</testsuite> <!-- Retail.WalmartHeaderTest -->
