<?xml version="1.0" encoding="UTF-8"?>
<!-- Generated by org.testng.reporters.JUnitReportReporter -->
<testsuite hostname="DESKTOP-HKAACU0" failures="0" tests="1" name="Retail.WalmartHeaderTest" time="19.170" errors="0" timestamp="2020-12-16T15:40:44 PST" skipped="0">
  <testcase classname="Retail.WalmartHeaderTest" name="wallyTrackOrder" time="19.170"/>
  <system-out/>
</testsuite> <!-- Retail.WalmartHeaderTest -->
