<?xml version="1.0" encoding="UTF-8"?>
<!-- Generated by org.testng.reporters.JUnitReportReporter -->
<testsuite hostname="DESKTOP-HKAACU0" failures="0" tests="1" name="Retail.WalmartHeaderTest" time="178.230" errors="0" timestamp="2021-02-07T10:01:23 PST" skipped="0">
  <testcase classname="Retail.WalmartHeaderTest" name="wallyThirdParty" time="178.230"/>
  <system-out/>
</testsuite> <!-- Retail.WalmartHeaderTest -->
