<?xml version="1.0" encoding="UTF-8"?>
<!-- Generated by org.testng.reporters.JUnitReportReporter -->
<testsuite hostname="DESKTOP-HKAACU0" failures="0" tests="1" name="Retail.WalmartHeaderTest" time="22.343" errors="0" timestamp="2020-12-08T14:41:08 PST" skipped="0">
  <testcase classname="Retail.WalmartHeaderTest" name="wallyLocalStore" time="22.343"/>
  <system-out/>
</testsuite> <!-- Retail.WalmartHeaderTest -->
