<?xml version="1.0" encoding="UTF-8"?>
<!-- Generated by org.testng.reporters.JUnitReportReporter -->
<testsuite hostname="DESKTOP-HKAACU0" failures="0" tests="1" name="Retail.WalmartHeaderTest" time="21.393" errors="0" timestamp="2020-12-21T15:40:38 PST" skipped="0">
  <testcase classname="Retail.WalmartHeaderTest" name="wallyDealsMenu" time="21.393"/>
  <system-out/>
</testsuite> <!-- Retail.WalmartHeaderTest -->
