<?xml version="1.0" encoding="UTF-8"?>
<!-- Generated by org.testng.reporters.JUnitReportReporter -->
<testsuite hostname="DESKTOP-HKAACU0" failures="0" tests="1" name="Retail.WalmartHeaderTest" time="70.051" errors="0" timestamp="2020-12-02T11:53:50 PST" skipped="0">
  <testcase classname="Retail.WalmartHeaderTest" name="wallyLocation" time="70.051"/>
  <system-out/>
</testsuite> <!-- Retail.WalmartHeaderTest -->
